<?xml version="1.0" encoding="UTF-8" ?>
<testsuite tests="61" failures="0" name="org.openrdf.sail.federation.FederationConnectionTest" time="2.329" errors="0" skipped="0">
  <properties>
    <property name="java.runtime.name" value="Java(TM) SE Runtime Environment"/>
    <property name="sun.boot.library.path" value="/Library/Java/JavaVirtualMachines/jdk1.8.0_25.jdk/Contents/Home/jre/lib"/>
    <property name="java.vm.version" value="25.25-b02"/>
    <property name="user.country.format" value="DE"/>
    <property name="gopherProxySet" value="false"/>
    <property name="java.vm.vendor" value="Oracle Corporation"/>
    <property name="java.vendor.url" value="http://java.oracle.com/"/>
    <property name="path.separator" value=":"/>
    <property name="guice.disable.misplaced.annotation.check" value="true"/>
    <property name="java.vm.name" value="Java HotSpot(TM) 64-Bit Server VM"/>
    <property name="file.encoding.pkg" value="sun.io"/>
    <property name="user.country" value="US"/>
    <property name="sun.java.launcher" value="SUN_STANDARD"/>
    <property name="sun.os.patch.level" value="unknown"/>
    <property name="java.vm.specification.name" value="Java Virtual Machine Specification"/>
    <property name="user.dir" value="/Development/Source/Library/com/github/dydra/http-api-tests/libraries/sesame/compliance/store"/>
    <property name="java.runtime.version" value="1.8.0_25-b17"/>
    <property name="java.awt.graphicsenv" value="sun.awt.CGraphicsEnvironment"/>
    <property name="java.endorsed.dirs" value="/Library/Java/JavaVirtualMachines/jdk1.8.0_25.jdk/Contents/Home/jre/lib/endorsed"/>
    <property name="os.arch" value="x86_64"/>
    <property name="java.io.tmpdir" value="/var/folders/4n/vh45gkx14rlgzz0mjn3322880000gn/T/"/>
    <property name="line.separator" value="
"/>
    <property name="java.vm.specification.vendor" value="Oracle Corporation"/>
    <property name="os.name" value="Mac OS X"/>
    <property name="classworlds.conf" value="/Development/Applications/apache-maven-3.2.5/bin/m2.conf"/>
    <property name="sun.jnu.encoding" value="UTF-8"/>
    <property name="java.library.path" value="/Users/jamesanderson/Library/Java/Extensions:/Library/Java/Extensions:/Network/Library/Java/Extensions:/System/Library/Java/Extensions:/usr/lib/java:."/>
    <property name="java.specification.name" value="Java Platform API Specification"/>
    <property name="java.class.version" value="52.0"/>
    <property name="sun.management.compiler" value="HotSpot 64-Bit Tiered Compilers"/>
    <property name="os.version" value="10.9.5"/>
    <property name="http.nonProxyHosts" value="local|*.local|169.254/16|*.169.254/16"/>
    <property name="user.home" value="/Users/jamesanderson"/>
    <property name="user.timezone" value="Europe/Berlin"/>
    <property name="java.awt.printerjob" value="sun.lwawt.macosx.CPrinterJob"/>
    <property name="java.specification.version" value="1.8"/>
    <property name="file.encoding" value="UTF-8"/>
    <property name="user.name" value="jamesanderson"/>
    <property name="java.class.path" value="/Development/Applications/apache-maven-3.2.5/boot/plexus-classworlds-2.5.2.jar"/>
    <property name="java.vm.specification.version" value="1.8"/>
    <property name="sun.arch.data.model" value="64"/>
    <property name="java.home" value="/Library/Java/JavaVirtualMachines/jdk1.8.0_25.jdk/Contents/Home/jre"/>
    <property name="sun.java.command" value="org.codehaus.plexus.classworlds.launcher.Launcher test"/>
    <property name="java.specification.vendor" value="Oracle Corporation"/>
    <property name="user.language" value="en"/>
    <property name="awt.toolkit" value="sun.lwawt.macosx.LWCToolkit"/>
    <property name="java.vm.info" value="mixed mode"/>
    <property name="java.version" value="1.8.0_25"/>
    <property name="java.ext.dirs" value="/Users/jamesanderson/Library/Java/Extensions:/Library/Java/JavaVirtualMachines/jdk1.8.0_25.jdk/Contents/Home/jre/lib/ext:/Library/Java/Extensions:/Network/Library/Java/Extensions:/System/Library/Java/Extensions:/usr/lib/java"/>
    <property name="sun.boot.class.path" value="/Library/Java/JavaVirtualMachines/jdk1.8.0_25.jdk/Contents/Home/jre/lib/resources.jar:/Library/Java/JavaVirtualMachines/jdk1.8.0_25.jdk/Contents/Home/jre/lib/rt.jar:/Library/Java/JavaVirtualMachines/jdk1.8.0_25.jdk/Contents/Home/jre/lib/sunrsasign.jar:/Library/Java/JavaVirtualMachines/jdk1.8.0_25.jdk/Contents/Home/jre/lib/jsse.jar:/Library/Java/JavaVirtualMachines/jdk1.8.0_25.jdk/Contents/Home/jre/lib/jce.jar:/Library/Java/JavaVirtualMachines/jdk1.8.0_25.jdk/Contents/Home/jre/lib/charsets.jar:/Library/Java/JavaVirtualMachines/jdk1.8.0_25.jdk/Contents/Home/jre/lib/jfr.jar:/Library/Java/JavaVirtualMachines/jdk1.8.0_25.jdk/Contents/Home/jre/classes"/>
    <property name="java.vendor" value="Oracle Corporation"/>
    <property name="maven.home" value="/Development/Applications/apache-maven-3.2.5"/>
    <property name="file.separator" value="/"/>
    <property name="java.vendor.url.bug" value="http://bugreport.sun.com/bugreport/"/>
    <property name="sun.cpu.endian" value="little"/>
    <property name="sun.io.unicode.encoding" value="UnicodeBig"/>
    <property name="socksNonProxyHosts" value="local|*.local|169.254/16|*.169.254/16"/>
    <property name="ftp.nonProxyHosts" value="local|*.local|169.254/16|*.169.254/16"/>
    <property name="sun.cpu.isalist" value=""/>
  </properties>
  <testcase classname="org.openrdf.sail.federation.FederationConnectionTest" name="testSimpleBooleanQuery" time="0.111"/>
  <testcase classname="org.openrdf.sail.federation.FederationConnectionTest" name="testGetNamespace" time="0.002"/>
  <testcase classname="org.openrdf.sail.federation.FederationConnectionTest" name="testGraphSerialization" time="0.004"/>
  <testcase classname="org.openrdf.sail.federation.FederationConnectionTest" name="testExclusiveNullContext" time="0.006"/>
  <testcase classname="org.openrdf.sail.federation.FederationConnectionTest" name="testAddMalformedLiteralsStrictConfig" time="0.004"/>
  <testcase classname="org.openrdf.sail.federation.FederationConnectionTest" name="testAddMalformedLiteralsDefaultConfig" time="0.002"/>
  <testcase classname="org.openrdf.sail.federation.FederationConnectionTest" name="testGetStatementsMalformedTypedLiteral" time="0.001"/>
  <testcase classname="org.openrdf.sail.federation.FederationConnectionTest" name="testSizeRollback" time="0.001"/>
  <testcase classname="org.openrdf.sail.federation.FederationConnectionTest" name="testAutoCommit" time="0.002"/>
  <testcase classname="org.openrdf.sail.federation.FederationConnectionTest" name="testEmptyRollback" time="0.001"/>
  <testcase classname="org.openrdf.sail.federation.FederationConnectionTest" name="testClear" time="0.001"/>
  <testcase classname="org.openrdf.sail.federation.FederationConnectionTest" name="testAddStatement" time="0.001"/>
  <testcase classname="org.openrdf.sail.federation.FederationConnectionTest" name="testOpen" time="0.001"/>
  <testcase classname="org.openrdf.sail.federation.FederationConnectionTest" name="testAddGzipInputStream" time="0.002"/>
  <testcase classname="org.openrdf.sail.federation.FederationConnectionTest" name="testAddInputStream" time="0.003"/>
  <testcase classname="org.openrdf.sail.federation.FederationConnectionTest" name="testDefaultInsertContext" time="0.006"/>
  <testcase classname="org.openrdf.sail.federation.FederationConnectionTest" name="testLiteralSerialization" time="0.001"/>
  <testcase classname="org.openrdf.sail.federation.FederationConnectionTest" name="testPreparedGraphQuery" time="0.011"/>
  <testcase classname="org.openrdf.sail.federation.FederationConnectionTest" name="testQueryDefaultGraph" time="0.004"/>
  <testcase classname="org.openrdf.sail.federation.FederationConnectionTest" name="testSimpleTupleQuery" time="0.003"/>
  <testcase classname="org.openrdf.sail.federation.FederationConnectionTest" name="testBNodeSerialization" time="0.002"/>
  <testcase classname="org.openrdf.sail.federation.FederationConnectionTest" name="testGetStatementsMalformedLanguageLiteral" time="0.001"/>
  <testcase classname="org.openrdf.sail.federation.FederationConnectionTest" name="testRecoverFromParseError" time="0.002"/>
  <testcase classname="org.openrdf.sail.federation.FederationConnectionTest" name="testAddLiteralWithNewline" time="0.001"/>
  <testcase classname="org.openrdf.sail.federation.FederationConnectionTest" name="testRemoveStatementIteration" time="0.001"/>
  <testcase classname="org.openrdf.sail.federation.FederationConnectionTest" name="testRemoveStatements" time="0.001"/>
  <testcase classname="org.openrdf.sail.federation.FederationConnectionTest" name="testGetStatementsInMultipleContexts" time="0.001"/>
  <testcase classname="org.openrdf.sail.federation.FederationConnectionTest" name="testPreparedBooleanQuery" time="0.002"/>
  <testcase classname="org.openrdf.sail.federation.FederationConnectionTest" name="testGetStatementsInSingleContext" time="0.001"/>
  <testcase classname="org.openrdf.sail.federation.FederationConnectionTest" name="testPreparedTupleQuery2" time="0.035"/>
  <testcase classname="org.openrdf.sail.federation.FederationConnectionTest" name="testEmptyCommit" time="0.002"/>
  <testcase classname="org.openrdf.sail.federation.FederationConnectionTest" name="testUpdateBaseURI" time="0.001"/>
  <testcase classname="org.openrdf.sail.federation.FederationConnectionTest" name="testDuplicateFilter" time="0.002"/>
  <testcase classname="org.openrdf.sail.federation.FederationConnectionTest" name="testSimpleTupleQueryUnicode" time="0.001"/>
  <testcase classname="org.openrdf.sail.federation.FederationConnectionTest" name="testRollback" time="0.001"/>
  <testcase classname="org.openrdf.sail.federation.FederationConnectionTest" name="testAddReader" time="0.003"/>
  <testcase classname="org.openrdf.sail.federation.FederationConnectionTest" name="testAddRemove" time="0.001"/>
  <testcase classname="org.openrdf.sail.federation.FederationConnectionTest" name="testDeleteDefaultGraph" time="0.003"/>
  <testcase classname="org.openrdf.sail.federation.FederationConnectionTest" name="testPreparedTupleQuery" time="0.003"/>
  <testcase classname="org.openrdf.sail.federation.FederationConnectionTest" name="testAddZipFile" time="0.002"/>
  <testcase classname="org.openrdf.sail.federation.FederationConnectionTest" name="testSizeCommit" time="0.001"/>
  <testcase classname="org.openrdf.sail.federation.FederationConnectionTest" name="testDataset" time="0.003"/>
  <testcase classname="org.openrdf.sail.federation.FederationConnectionTest" name="testPrepareSeRQLQuery" time="0.002"/>
  <testcase classname="org.openrdf.sail.federation.FederationConnectionTest" name="testInferredStatementCount" time="0.001"/>
  <testcase classname="org.openrdf.sail.federation.FederationConnectionTest" name="testRemoveStatementCollection" time="0.002"/>
  <testcase classname="org.openrdf.sail.federation.FederationConnectionTest" name="testOrderByQueriesAreInterruptable" time="2.01"/>
  <testcase classname="org.openrdf.sail.federation.FederationConnectionTest" name="testGetStatements" time="0.001"/>
  <testcase classname="org.openrdf.sail.federation.FederationConnectionTest" name="testOrPredicate" time="0.003"/>
  <testcase classname="org.openrdf.sail.federation.FederationConnectionTest" name="testOptionalFilter" time="0.008"/>
  <testcase classname="org.openrdf.sail.federation.FederationConnectionTest" name="testStatementSerialization" time="0.01"/>
  <testcase classname="org.openrdf.sail.federation.FederationConnectionTest" name="testPreparedTupleQueryUnicode" time="0.005"/>
  <testcase classname="org.openrdf.sail.federation.FederationConnectionTest" name="testSES713" time="0.004"/>
  <testcase classname="org.openrdf.sail.federation.FederationConnectionTest" name="testDefaultContext" time="0.011"/>
  <testcase classname="org.openrdf.sail.federation.FederationConnectionTest" name="testGetNamespaces" time="0.002"/>
  <testcase classname="org.openrdf.sail.federation.FederationConnectionTest" name="testTransactionIsolation" time="0.001"/>
  <testcase classname="org.openrdf.sail.federation.FederationConnectionTest" name="testGetContextIDs" time="0.006"/>
  <testcase classname="org.openrdf.sail.federation.FederationConnectionTest" name="testURISerialization" time="0.002"/>
  <testcase classname="org.openrdf.sail.federation.FederationConnectionTest" name="testSimpleGraphQuery" time="0.014"/>
  <testcase classname="org.openrdf.sail.federation.FederationConnectionTest" name="testPrepareSPARQLQuery" time="0.002"/>
  <testcase classname="org.openrdf.sail.federation.FederationConnectionTest" name="testXmlCalendarZ" time="0.004"/>
  <testcase classname="org.openrdf.sail.federation.FederationConnectionTest" name="testQueryBaseURI" time="0.004"/>
</testsuite>