<?xml version="1.0" encoding="UTF-8" ?>
<testsuite tests="41" failures="0" name="org.openrdf.repository.sail.nativerdf.NativeComplexSPARQLQueryTest" time="0.673" errors="0" skipped="0">
  <properties>
    <property name="java.runtime.name" value="Java(TM) SE Runtime Environment"/>
    <property name="sun.boot.library.path" value="/Library/Java/JavaVirtualMachines/jdk1.8.0_25.jdk/Contents/Home/jre/lib"/>
    <property name="java.vm.version" value="25.25-b02"/>
    <property name="user.country.format" value="DE"/>
    <property name="gopherProxySet" value="false"/>
    <property name="java.vm.vendor" value="Oracle Corporation"/>
    <property name="java.vendor.url" value="http://java.oracle.com/"/>
    <property name="path.separator" value=":"/>
    <property name="guice.disable.misplaced.annotation.check" value="true"/>
    <property name="java.vm.name" value="Java HotSpot(TM) 64-Bit Server VM"/>
    <property name="file.encoding.pkg" value="sun.io"/>
    <property name="user.country" value="US"/>
    <property name="sun.java.launcher" value="SUN_STANDARD"/>
    <property name="sun.os.patch.level" value="unknown"/>
    <property name="java.vm.specification.name" value="Java Virtual Machine Specification"/>
    <property name="user.dir" value="/Development/Source/Library/com/github/dydra/http-api-tests/libraries/sesame/compliance/store"/>
    <property name="java.runtime.version" value="1.8.0_25-b17"/>
    <property name="java.awt.graphicsenv" value="sun.awt.CGraphicsEnvironment"/>
    <property name="java.endorsed.dirs" value="/Library/Java/JavaVirtualMachines/jdk1.8.0_25.jdk/Contents/Home/jre/lib/endorsed"/>
    <property name="os.arch" value="x86_64"/>
    <property name="java.io.tmpdir" value="/var/folders/4n/vh45gkx14rlgzz0mjn3322880000gn/T/"/>
    <property name="line.separator" value="
"/>
    <property name="java.vm.specification.vendor" value="Oracle Corporation"/>
    <property name="os.name" value="Mac OS X"/>
    <property name="classworlds.conf" value="/Development/Applications/apache-maven-3.2.5/bin/m2.conf"/>
    <property name="sun.jnu.encoding" value="UTF-8"/>
    <property name="java.library.path" value="/Users/jamesanderson/Library/Java/Extensions:/Library/Java/Extensions:/Network/Library/Java/Extensions:/System/Library/Java/Extensions:/usr/lib/java:."/>
    <property name="java.specification.name" value="Java Platform API Specification"/>
    <property name="java.class.version" value="52.0"/>
    <property name="sun.management.compiler" value="HotSpot 64-Bit Tiered Compilers"/>
    <property name="os.version" value="10.9.5"/>
    <property name="http.nonProxyHosts" value="local|*.local|169.254/16|*.169.254/16"/>
    <property name="user.home" value="/Users/jamesanderson"/>
    <property name="user.timezone" value="Europe/Berlin"/>
    <property name="java.awt.printerjob" value="sun.lwawt.macosx.CPrinterJob"/>
    <property name="java.specification.version" value="1.8"/>
    <property name="file.encoding" value="UTF-8"/>
    <property name="user.name" value="jamesanderson"/>
    <property name="java.class.path" value="/Development/Applications/apache-maven-3.2.5/boot/plexus-classworlds-2.5.2.jar"/>
    <property name="java.vm.specification.version" value="1.8"/>
    <property name="sun.arch.data.model" value="64"/>
    <property name="java.home" value="/Library/Java/JavaVirtualMachines/jdk1.8.0_25.jdk/Contents/Home/jre"/>
    <property name="sun.java.command" value="org.codehaus.plexus.classworlds.launcher.Launcher test"/>
    <property name="java.specification.vendor" value="Oracle Corporation"/>
    <property name="user.language" value="en"/>
    <property name="awt.toolkit" value="sun.lwawt.macosx.LWCToolkit"/>
    <property name="java.vm.info" value="mixed mode"/>
    <property name="java.version" value="1.8.0_25"/>
    <property name="java.ext.dirs" value="/Users/jamesanderson/Library/Java/Extensions:/Library/Java/JavaVirtualMachines/jdk1.8.0_25.jdk/Contents/Home/jre/lib/ext:/Library/Java/Extensions:/Network/Library/Java/Extensions:/System/Library/Java/Extensions:/usr/lib/java"/>
    <property name="sun.boot.class.path" value="/Library/Java/JavaVirtualMachines/jdk1.8.0_25.jdk/Contents/Home/jre/lib/resources.jar:/Library/Java/JavaVirtualMachines/jdk1.8.0_25.jdk/Contents/Home/jre/lib/rt.jar:/Library/Java/JavaVirtualMachines/jdk1.8.0_25.jdk/Contents/Home/jre/lib/sunrsasign.jar:/Library/Java/JavaVirtualMachines/jdk1.8.0_25.jdk/Contents/Home/jre/lib/jsse.jar:/Library/Java/JavaVirtualMachines/jdk1.8.0_25.jdk/Contents/Home/jre/lib/jce.jar:/Library/Java/JavaVirtualMachines/jdk1.8.0_25.jdk/Contents/Home/jre/lib/charsets.jar:/Library/Java/JavaVirtualMachines/jdk1.8.0_25.jdk/Contents/Home/jre/lib/jfr.jar:/Library/Java/JavaVirtualMachines/jdk1.8.0_25.jdk/Contents/Home/jre/classes"/>
    <property name="java.vendor" value="Oracle Corporation"/>
    <property name="maven.home" value="/Development/Applications/apache-maven-3.2.5"/>
    <property name="file.separator" value="/"/>
    <property name="java.vendor.url.bug" value="http://bugreport.sun.com/bugreport/"/>
    <property name="sun.cpu.endian" value="little"/>
    <property name="sun.io.unicode.encoding" value="UnicodeBig"/>
    <property name="socksNonProxyHosts" value="local|*.local|169.254/16|*.169.254/16"/>
    <property name="ftp.nonProxyHosts" value="local|*.local|169.254/16|*.169.254/16"/>
    <property name="sun.cpu.isalist" value=""/>
  </properties>
  <testcase classname="org.openrdf.repository.sail.nativerdf.NativeComplexSPARQLQueryTest" name="testDescribeA" time="0.019"/>
  <testcase classname="org.openrdf.repository.sail.nativerdf.NativeComplexSPARQLQueryTest" name="testDescribeB" time="0.018"/>
  <testcase classname="org.openrdf.repository.sail.nativerdf.NativeComplexSPARQLQueryTest" name="testDescribeD" time="0.014"/>
  <testcase classname="org.openrdf.repository.sail.nativerdf.NativeComplexSPARQLQueryTest" name="testDescribeF" time="0.01"/>
  <testcase classname="org.openrdf.repository.sail.nativerdf.NativeComplexSPARQLQueryTest" name="testGroupConcatDistinct" time="0.016"/>
  <testcase classname="org.openrdf.repository.sail.nativerdf.NativeComplexSPARQLQueryTest" name="testSES1898LeftJoinSemantics1" time="0.013"/>
  <testcase classname="org.openrdf.repository.sail.nativerdf.NativeComplexSPARQLQueryTest" name="testSES1898LeftJoinSemantics2" time="0.01"/>
  <testcase classname="org.openrdf.repository.sail.nativerdf.NativeComplexSPARQLQueryTest" name="testDescribeWhere" time="0.066"/>
  <testcase classname="org.openrdf.repository.sail.nativerdf.NativeComplexSPARQLQueryTest" name="testIdenticalVariablesInStatementPattern" time="0.01"/>
  <testcase classname="org.openrdf.repository.sail.nativerdf.NativeComplexSPARQLQueryTest" name="testSES1991STRUUIDEvaluation" time="0.014"/>
  <testcase classname="org.openrdf.repository.sail.nativerdf.NativeComplexSPARQLQueryTest" name="testSES1121VarNamesInOptionals" time="0.017"/>
  <testcase classname="org.openrdf.repository.sail.nativerdf.NativeComplexSPARQLQueryTest" name="testDescribeAWhere" time="0.011"/>
  <testcase classname="org.openrdf.repository.sail.nativerdf.NativeComplexSPARQLQueryTest" name="testInComparison1" time="0.011"/>
  <testcase classname="org.openrdf.repository.sail.nativerdf.NativeComplexSPARQLQueryTest" name="testInComparison2" time="0.013"/>
  <testcase classname="org.openrdf.repository.sail.nativerdf.NativeComplexSPARQLQueryTest" name="testInComparison3" time="0.012"/>
  <testcase classname="org.openrdf.repository.sail.nativerdf.NativeComplexSPARQLQueryTest" name="testSameTermRepeatInOptional" time="0.018"/>
  <testcase classname="org.openrdf.repository.sail.nativerdf.NativeComplexSPARQLQueryTest" name="testArbitraryLengthPathWithBinding1" time="0.018"/>
  <testcase classname="org.openrdf.repository.sail.nativerdf.NativeComplexSPARQLQueryTest" name="testArbitraryLengthPathWithBinding2" time="0.017"/>
  <testcase classname="org.openrdf.repository.sail.nativerdf.NativeComplexSPARQLQueryTest" name="testArbitraryLengthPathWithBinding3" time="0.026"/>
  <testcase classname="org.openrdf.repository.sail.nativerdf.NativeComplexSPARQLQueryTest" name="testArbitraryLengthPathWithBinding4" time="0.009"/>
  <testcase classname="org.openrdf.repository.sail.nativerdf.NativeComplexSPARQLQueryTest" name="testArbitraryLengthPathWithBinding5" time="0.017"/>
  <testcase classname="org.openrdf.repository.sail.nativerdf.NativeComplexSPARQLQueryTest" name="testArbitraryLengthPathWithBinding6" time="0.013"/>
  <testcase classname="org.openrdf.repository.sail.nativerdf.NativeComplexSPARQLQueryTest" name="testArbitraryLengthPathWithBinding7" time="0.01"/>
  <testcase classname="org.openrdf.repository.sail.nativerdf.NativeComplexSPARQLQueryTest" name="testArbitraryLengthPathWithBinding8" time="0.016"/>
  <testcase classname="org.openrdf.repository.sail.nativerdf.NativeComplexSPARQLQueryTest" name="testGroupConcatNonDistinct" time="0.013"/>
  <testcase classname="org.openrdf.repository.sail.nativerdf.NativeComplexSPARQLQueryTest" name="testSES1073InverseSymmetricPattern" time="0.027"/>
  <testcase classname="org.openrdf.repository.sail.nativerdf.NativeComplexSPARQLQueryTest" name="testSES1991NOWEvaluation" time="0.007"/>
  <testcase classname="org.openrdf.repository.sail.nativerdf.NativeComplexSPARQLQueryTest" name="testArbitraryLengthPathWithFilter1" time="0.016"/>
  <testcase classname="org.openrdf.repository.sail.nativerdf.NativeComplexSPARQLQueryTest" name="testArbitraryLengthPathWithFilter2" time="0.011"/>
  <testcase classname="org.openrdf.repository.sail.nativerdf.NativeComplexSPARQLQueryTest" name="testArbitraryLengthPathWithFilter3" time="0.021"/>
  <testcase classname="org.openrdf.repository.sail.nativerdf.NativeComplexSPARQLQueryTest" name="testNullContext1" time="0.013"/>
  <testcase classname="org.openrdf.repository.sail.nativerdf.NativeComplexSPARQLQueryTest" name="testNullContext2" time="0.026"/>
  <testcase classname="org.openrdf.repository.sail.nativerdf.NativeComplexSPARQLQueryTest" name="testSES1081SameTermWithValues" time="0.018"/>
  <testcase classname="org.openrdf.repository.sail.nativerdf.NativeComplexSPARQLQueryTest" name="testSameTermRepeatInUnionAndOptional" time="0.016"/>
  <testcase classname="org.openrdf.repository.sail.nativerdf.NativeComplexSPARQLQueryTest" name="testSES1970CountDistinctWildcard" time="0.01"/>
  <testcase classname="org.openrdf.repository.sail.nativerdf.NativeComplexSPARQLQueryTest" name="testSameTermRepeatInUnion" time="0.019"/>
  <testcase classname="org.openrdf.repository.sail.nativerdf.NativeComplexSPARQLQueryTest" name="testSES1991RANDEvaluation" time="0.039"/>
  <testcase classname="org.openrdf.repository.sail.nativerdf.NativeComplexSPARQLQueryTest" name="testFilterRegexBoolean" time="0.01"/>
  <testcase classname="org.openrdf.repository.sail.nativerdf.NativeComplexSPARQLQueryTest" name="testValuesInOptional" time="0.006"/>
  <testcase classname="org.openrdf.repository.sail.nativerdf.NativeComplexSPARQLQueryTest" name="testSES1991UUIDEvaluation" time="0.006"/>
  <testcase classname="org.openrdf.repository.sail.nativerdf.NativeComplexSPARQLQueryTest" name="testPropertyPathInTree" time="0.017"/>
</testsuite>