<?xml version="1.0" encoding="UTF-8" ?>
<testsuite tests="35" failures="0" name="org.openrdf.sail.federation.FederationTest" time="1.194" errors="0" skipped="0">
  <properties>
    <property name="java.runtime.name" value="Java(TM) SE Runtime Environment"/>
    <property name="sun.boot.library.path" value="/Library/Java/JavaVirtualMachines/jdk1.8.0_25.jdk/Contents/Home/jre/lib"/>
    <property name="java.vm.version" value="25.25-b02"/>
    <property name="user.country.format" value="DE"/>
    <property name="gopherProxySet" value="false"/>
    <property name="java.vm.vendor" value="Oracle Corporation"/>
    <property name="java.vendor.url" value="http://java.oracle.com/"/>
    <property name="path.separator" value=":"/>
    <property name="guice.disable.misplaced.annotation.check" value="true"/>
    <property name="java.vm.name" value="Java HotSpot(TM) 64-Bit Server VM"/>
    <property name="file.encoding.pkg" value="sun.io"/>
    <property name="user.country" value="US"/>
    <property name="sun.java.launcher" value="SUN_STANDARD"/>
    <property name="sun.os.patch.level" value="unknown"/>
    <property name="java.vm.specification.name" value="Java Virtual Machine Specification"/>
    <property name="user.dir" value="/Development/Source/Library/com/github/dydra/http-api-tests/libraries/sesame/compliance/store"/>
    <property name="java.runtime.version" value="1.8.0_25-b17"/>
    <property name="java.awt.graphicsenv" value="sun.awt.CGraphicsEnvironment"/>
    <property name="java.endorsed.dirs" value="/Library/Java/JavaVirtualMachines/jdk1.8.0_25.jdk/Contents/Home/jre/lib/endorsed"/>
    <property name="os.arch" value="x86_64"/>
    <property name="java.io.tmpdir" value="/var/folders/4n/vh45gkx14rlgzz0mjn3322880000gn/T/"/>
    <property name="line.separator" value="
"/>
    <property name="java.vm.specification.vendor" value="Oracle Corporation"/>
    <property name="os.name" value="Mac OS X"/>
    <property name="classworlds.conf" value="/Development/Applications/apache-maven-3.2.5/bin/m2.conf"/>
    <property name="sun.jnu.encoding" value="UTF-8"/>
    <property name="java.library.path" value="/Users/jamesanderson/Library/Java/Extensions:/Library/Java/Extensions:/Network/Library/Java/Extensions:/System/Library/Java/Extensions:/usr/lib/java:."/>
    <property name="java.specification.name" value="Java Platform API Specification"/>
    <property name="java.class.version" value="52.0"/>
    <property name="sun.management.compiler" value="HotSpot 64-Bit Tiered Compilers"/>
    <property name="os.version" value="10.9.5"/>
    <property name="http.nonProxyHosts" value="local|*.local|169.254/16|*.169.254/16"/>
    <property name="user.home" value="/Users/jamesanderson"/>
    <property name="user.timezone" value="Europe/Berlin"/>
    <property name="java.awt.printerjob" value="sun.lwawt.macosx.CPrinterJob"/>
    <property name="java.specification.version" value="1.8"/>
    <property name="file.encoding" value="UTF-8"/>
    <property name="user.name" value="jamesanderson"/>
    <property name="java.class.path" value="/Development/Applications/apache-maven-3.2.5/boot/plexus-classworlds-2.5.2.jar"/>
    <property name="java.vm.specification.version" value="1.8"/>
    <property name="sun.arch.data.model" value="64"/>
    <property name="java.home" value="/Library/Java/JavaVirtualMachines/jdk1.8.0_25.jdk/Contents/Home/jre"/>
    <property name="sun.java.command" value="org.codehaus.plexus.classworlds.launcher.Launcher test"/>
    <property name="java.specification.vendor" value="Oracle Corporation"/>
    <property name="user.language" value="en"/>
    <property name="awt.toolkit" value="sun.lwawt.macosx.LWCToolkit"/>
    <property name="java.vm.info" value="mixed mode"/>
    <property name="java.version" value="1.8.0_25"/>
    <property name="java.ext.dirs" value="/Users/jamesanderson/Library/Java/Extensions:/Library/Java/JavaVirtualMachines/jdk1.8.0_25.jdk/Contents/Home/jre/lib/ext:/Library/Java/Extensions:/Network/Library/Java/Extensions:/System/Library/Java/Extensions:/usr/lib/java"/>
    <property name="sun.boot.class.path" value="/Library/Java/JavaVirtualMachines/jdk1.8.0_25.jdk/Contents/Home/jre/lib/resources.jar:/Library/Java/JavaVirtualMachines/jdk1.8.0_25.jdk/Contents/Home/jre/lib/rt.jar:/Library/Java/JavaVirtualMachines/jdk1.8.0_25.jdk/Contents/Home/jre/lib/sunrsasign.jar:/Library/Java/JavaVirtualMachines/jdk1.8.0_25.jdk/Contents/Home/jre/lib/jsse.jar:/Library/Java/JavaVirtualMachines/jdk1.8.0_25.jdk/Contents/Home/jre/lib/jce.jar:/Library/Java/JavaVirtualMachines/jdk1.8.0_25.jdk/Contents/Home/jre/lib/charsets.jar:/Library/Java/JavaVirtualMachines/jdk1.8.0_25.jdk/Contents/Home/jre/lib/jfr.jar:/Library/Java/JavaVirtualMachines/jdk1.8.0_25.jdk/Contents/Home/jre/classes"/>
    <property name="java.vendor" value="Oracle Corporation"/>
    <property name="maven.home" value="/Development/Applications/apache-maven-3.2.5"/>
    <property name="file.separator" value="/"/>
    <property name="java.vendor.url.bug" value="http://bugreport.sun.com/bugreport/"/>
    <property name="sun.cpu.endian" value="little"/>
    <property name="sun.io.unicode.encoding" value="UnicodeBig"/>
    <property name="socksNonProxyHosts" value="local|*.local|169.254/16|*.169.254/16"/>
    <property name="ftp.nonProxyHosts" value="local|*.local|169.254/16|*.169.254/16"/>
    <property name="sun.cpu.isalist" value=""/>
  </properties>
  <testcase classname="org.openrdf.sail.federation.FederationTest" name="testGetNamespace" time="0"/>
  <testcase classname="org.openrdf.sail.federation.FederationTest" name="testAddData" time="0.005"/>
  <testcase classname="org.openrdf.sail.federation.FederationTest" name="testDualConnections" time="0.019"/>
  <testcase classname="org.openrdf.sail.federation.FederationTest" name="testEmptyRepository" time="0.001"/>
  <testcase classname="org.openrdf.sail.federation.FederationTest" name="testDecimalRoundTrip" time="0.002"/>
  <testcase classname="org.openrdf.sail.federation.FederationTest" name="testClose" time="0.001"/>
  <testcase classname="org.openrdf.sail.federation.FederationTest" name="testSize" time="0.001"/>
  <testcase classname="org.openrdf.sail.federation.FederationTest" name="testClearNamespaces" time="0.001"/>
  <testcase classname="org.openrdf.sail.federation.FederationTest" name="testMultiThreadedAccess" time="1.029"/>
  <testcase classname="org.openrdf.sail.federation.FederationTest" name="testStatementEquals" time="0.001"/>
  <testcase classname="org.openrdf.sail.federation.FederationTest" name="testNullPrefixDisallowed" time="0.001"/>
  <testcase classname="org.openrdf.sail.federation.FederationTest" name="testTimeZoneRoundTrip" time="0.007"/>
  <testcase classname="org.openrdf.sail.federation.FederationTest" name="testBNodeReuse" time="0.003"/>
  <testcase classname="org.openrdf.sail.federation.FederationTest" name="testContexts" time="0.002"/>
  <testcase classname="org.openrdf.sail.federation.FederationTest" name="testRemoveNamespaces" time="0.011"/>
  <testcase classname="org.openrdf.sail.federation.FederationTest" name="testQueryBindings" time="0.013"/>
  <testcase classname="org.openrdf.sail.federation.FederationTest" name="testInvalidDateTime" time="0.001"/>
  <testcase classname="org.openrdf.sail.federation.FederationTest" name="testLongLiteralRoundTrip" time="0.002"/>
  <testcase classname="org.openrdf.sail.federation.FederationTest" name="testAddWhileQuerying" time="0.003"/>
  <testcase classname="org.openrdf.sail.federation.FederationTest" name="testRemoveAndClear" time="0.003"/>
  <testcase classname="org.openrdf.sail.federation.FederationTest" name="testCreateURI1" time="0.005"/>
  <testcase classname="org.openrdf.sail.federation.FederationTest" name="testCreateURI2" time="0.001"/>
  <testcase classname="org.openrdf.sail.federation.FederationTest" name="testLongLangRoundTrip" time="0.002"/>
  <testcase classname="org.openrdf.sail.federation.FederationTest" name="testLongURIRoundTrip" time="0.002"/>
  <testcase classname="org.openrdf.sail.federation.FederationTest" name="testValueRoundTrip1" time="0.003"/>
  <testcase classname="org.openrdf.sail.federation.FederationTest" name="testValueRoundTrip2" time="0.002"/>
  <testcase classname="org.openrdf.sail.federation.FederationTest" name="testValueRoundTrip3" time="0.003"/>
  <testcase classname="org.openrdf.sail.federation.FederationTest" name="testValueRoundTrip4" time="0.002"/>
  <testcase classname="org.openrdf.sail.federation.FederationTest" name="testValueRoundTrip5" time="0.002"/>
  <testcase classname="org.openrdf.sail.federation.FederationTest" name="testNullNamespaceDisallowed" time="0.001"/>
  <testcase classname="org.openrdf.sail.federation.FederationTest" name="testStatementSerialization" time="0.002"/>
  <testcase classname="org.openrdf.sail.federation.FederationTest" name="testOldURI" time="0.001"/>
  <testcase classname="org.openrdf.sail.federation.FederationTest" name="testGetNamespaces" time="0.001"/>
  <testcase classname="org.openrdf.sail.federation.FederationTest" name="testGetContextIDs" time="0.001"/>
  <testcase classname="org.openrdf.sail.federation.FederationTest" name="testReallyLongLiteralRoundTrip" time="0.06"/>
</testsuite>