<?xml version="1.0" encoding="UTF-8" ?>
<testsuite tests="32" failures="0" name="org.openrdf.repository.sail.nativerdf.NativeSeRQLQueryTest" time="1.049" errors="0" skipped="0">
  <properties>
    <property name="java.runtime.name" value="Java(TM) SE Runtime Environment"/>
    <property name="sun.boot.library.path" value="/Library/Java/JavaVirtualMachines/jdk1.8.0_25.jdk/Contents/Home/jre/lib"/>
    <property name="java.vm.version" value="25.25-b02"/>
    <property name="user.country.format" value="DE"/>
    <property name="gopherProxySet" value="false"/>
    <property name="java.vm.vendor" value="Oracle Corporation"/>
    <property name="java.vendor.url" value="http://java.oracle.com/"/>
    <property name="path.separator" value=":"/>
    <property name="guice.disable.misplaced.annotation.check" value="true"/>
    <property name="java.vm.name" value="Java HotSpot(TM) 64-Bit Server VM"/>
    <property name="file.encoding.pkg" value="sun.io"/>
    <property name="user.country" value="US"/>
    <property name="sun.java.launcher" value="SUN_STANDARD"/>
    <property name="sun.os.patch.level" value="unknown"/>
    <property name="java.vm.specification.name" value="Java Virtual Machine Specification"/>
    <property name="user.dir" value="/Development/Source/Library/com/github/dydra/http-api-tests/libraries/sesame/compliance/store"/>
    <property name="java.runtime.version" value="1.8.0_25-b17"/>
    <property name="java.awt.graphicsenv" value="sun.awt.CGraphicsEnvironment"/>
    <property name="java.endorsed.dirs" value="/Library/Java/JavaVirtualMachines/jdk1.8.0_25.jdk/Contents/Home/jre/lib/endorsed"/>
    <property name="os.arch" value="x86_64"/>
    <property name="java.io.tmpdir" value="/var/folders/4n/vh45gkx14rlgzz0mjn3322880000gn/T/"/>
    <property name="line.separator" value="
"/>
    <property name="java.vm.specification.vendor" value="Oracle Corporation"/>
    <property name="os.name" value="Mac OS X"/>
    <property name="classworlds.conf" value="/Development/Applications/apache-maven-3.2.5/bin/m2.conf"/>
    <property name="sun.jnu.encoding" value="UTF-8"/>
    <property name="java.library.path" value="/Users/jamesanderson/Library/Java/Extensions:/Library/Java/Extensions:/Network/Library/Java/Extensions:/System/Library/Java/Extensions:/usr/lib/java:."/>
    <property name="java.specification.name" value="Java Platform API Specification"/>
    <property name="java.class.version" value="52.0"/>
    <property name="sun.management.compiler" value="HotSpot 64-Bit Tiered Compilers"/>
    <property name="os.version" value="10.9.5"/>
    <property name="http.nonProxyHosts" value="local|*.local|169.254/16|*.169.254/16"/>
    <property name="user.home" value="/Users/jamesanderson"/>
    <property name="user.timezone" value="Europe/Berlin"/>
    <property name="java.awt.printerjob" value="sun.lwawt.macosx.CPrinterJob"/>
    <property name="java.specification.version" value="1.8"/>
    <property name="file.encoding" value="UTF-8"/>
    <property name="user.name" value="jamesanderson"/>
    <property name="java.class.path" value="/Development/Applications/apache-maven-3.2.5/boot/plexus-classworlds-2.5.2.jar"/>
    <property name="java.vm.specification.version" value="1.8"/>
    <property name="sun.arch.data.model" value="64"/>
    <property name="java.home" value="/Library/Java/JavaVirtualMachines/jdk1.8.0_25.jdk/Contents/Home/jre"/>
    <property name="sun.java.command" value="org.codehaus.plexus.classworlds.launcher.Launcher test"/>
    <property name="java.specification.vendor" value="Oracle Corporation"/>
    <property name="user.language" value="en"/>
    <property name="awt.toolkit" value="sun.lwawt.macosx.LWCToolkit"/>
    <property name="java.vm.info" value="mixed mode"/>
    <property name="java.version" value="1.8.0_25"/>
    <property name="java.ext.dirs" value="/Users/jamesanderson/Library/Java/Extensions:/Library/Java/JavaVirtualMachines/jdk1.8.0_25.jdk/Contents/Home/jre/lib/ext:/Library/Java/Extensions:/Network/Library/Java/Extensions:/System/Library/Java/Extensions:/usr/lib/java"/>
    <property name="sun.boot.class.path" value="/Library/Java/JavaVirtualMachines/jdk1.8.0_25.jdk/Contents/Home/jre/lib/resources.jar:/Library/Java/JavaVirtualMachines/jdk1.8.0_25.jdk/Contents/Home/jre/lib/rt.jar:/Library/Java/JavaVirtualMachines/jdk1.8.0_25.jdk/Contents/Home/jre/lib/sunrsasign.jar:/Library/Java/JavaVirtualMachines/jdk1.8.0_25.jdk/Contents/Home/jre/lib/jsse.jar:/Library/Java/JavaVirtualMachines/jdk1.8.0_25.jdk/Contents/Home/jre/lib/jce.jar:/Library/Java/JavaVirtualMachines/jdk1.8.0_25.jdk/Contents/Home/jre/lib/charsets.jar:/Library/Java/JavaVirtualMachines/jdk1.8.0_25.jdk/Contents/Home/jre/lib/jfr.jar:/Library/Java/JavaVirtualMachines/jdk1.8.0_25.jdk/Contents/Home/jre/classes"/>
    <property name="java.vendor" value="Oracle Corporation"/>
    <property name="maven.home" value="/Development/Applications/apache-maven-3.2.5"/>
    <property name="file.separator" value="/"/>
    <property name="java.vendor.url.bug" value="http://bugreport.sun.com/bugreport/"/>
    <property name="sun.cpu.endian" value="little"/>
    <property name="sun.io.unicode.encoding" value="UnicodeBig"/>
    <property name="socksNonProxyHosts" value="local|*.local|169.254/16|*.169.254/16"/>
    <property name="ftp.nonProxyHosts" value="local|*.local|169.254/16|*.169.254/16"/>
    <property name="sun.cpu.isalist" value=""/>
  </properties>
  <testcase classname="org.openrdf.repository.sail.nativerdf.NativeSeRQLQueryTest" name="test-000: closure empty graph" time="0.054"/>
  <testcase classname="org.openrdf.repository.sail.nativerdf.NativeSeRQLQueryTest" name="test-001: subClassOf" time="0.065"/>
  <testcase classname="org.openrdf.repository.sail.nativerdf.NativeSeRQLQueryTest" name="test-002: isLiteral" time="0.023"/>
  <testcase classname="org.openrdf.repository.sail.nativerdf.NativeSeRQLQueryTest" name="test-003: language tag" time="0.027"/>
  <testcase classname="org.openrdf.repository.sail.nativerdf.NativeSeRQLQueryTest" name="test-004: datatype" time="0.023"/>
  <testcase classname="org.openrdf.repository.sail.nativerdf.NativeSeRQLQueryTest" name="test-005: branched path" time="0.022"/>
  <testcase classname="org.openrdf.repository.sail.nativerdf.NativeSeRQLQueryTest" name="test-006: compare datatyped literals" time="0.023"/>
  <testcase classname="org.openrdf.repository.sail.nativerdf.NativeSeRQLQueryTest" name="test-007: compare datatyped literals " time="0.024"/>
  <testcase classname="org.openrdf.repository.sail.nativerdf.NativeSeRQLQueryTest" name="test-008: optional match" time="0.044"/>
  <testcase classname="org.openrdf.repository.sail.nativerdf.NativeSeRQLQueryTest" name="test-009: optional match nested" time="0.024"/>
  <testcase classname="org.openrdf.repository.sail.nativerdf.NativeSeRQLQueryTest" name="test-010: subClassOf" time="0.037"/>
  <testcase classname="org.openrdf.repository.sail.nativerdf.NativeSeRQLQueryTest" name="test-011: directSubClassOf" time="0.053"/>
  <testcase classname="org.openrdf.repository.sail.nativerdf.NativeSeRQLQueryTest" name="test-012: XML literal" time="0.023"/>
  <testcase classname="org.openrdf.repository.sail.nativerdf.NativeSeRQLQueryTest" name="test-013: reification" time="0.051"/>
  <testcase classname="org.openrdf.repository.sail.nativerdf.NativeSeRQLQueryTest" name="test-014: compare lexical value" time="0.023"/>
  <testcase classname="org.openrdf.repository.sail.nativerdf.NativeSeRQLQueryTest" name="test-015: compare lexical value" time="0.019"/>
  <testcase classname="org.openrdf.repository.sail.nativerdf.NativeSeRQLQueryTest" name="test-016: compare lexical value" time="0.02"/>
  <testcase classname="org.openrdf.repository.sail.nativerdf.NativeSeRQLQueryTest" name="test-017: compare lexical value" time="0.019"/>
  <testcase classname="org.openrdf.repository.sail.nativerdf.NativeSeRQLQueryTest" name="test-018: {x} x {x}" time="0.036"/>
  <testcase classname="org.openrdf.repository.sail.nativerdf.NativeSeRQLQueryTest" name="test-019: unicode multibyte chars" time="0.019"/>
  <testcase classname="org.openrdf.repository.sail.nativerdf.NativeSeRQLQueryTest" name="test-020: namespace()" time="0.06"/>
  <testcase classname="org.openrdf.repository.sail.nativerdf.NativeSeRQLQueryTest" name="test-021: bnode creation" time="0.02"/>
  <testcase classname="org.openrdf.repository.sail.nativerdf.NativeSeRQLQueryTest" name="test-022: directSubClassOf" time="0.057"/>
  <testcase classname="org.openrdf.repository.sail.nativerdf.NativeSeRQLQueryTest" name="test-023: directSubPropertyOf" time="0.058"/>
  <testcase classname="org.openrdf.repository.sail.nativerdf.NativeSeRQLQueryTest" name="test-024: context 1" time="0.025"/>
  <testcase classname="org.openrdf.repository.sail.nativerdf.NativeSeRQLQueryTest" name="test-025: literal with escaped character" time="0.035"/>
  <testcase classname="org.openrdf.repository.sail.nativerdf.NativeSeRQLQueryTest" name="test-026: context scope optional path expression tail" time="0.054"/>
  <testcase classname="org.openrdf.repository.sail.nativerdf.NativeSeRQLQueryTest" name="test-027: context scope optional path expression" time="0.019"/>
  <testcase classname="org.openrdf.repository.sail.nativerdf.NativeSeRQLQueryTest" name="test-028: DISTINCT and LIMIT" time="0.026"/>
  <testcase classname="org.openrdf.repository.sail.nativerdf.NativeSeRQLQueryTest" name="test-030: compare literals with cast" time="0.02"/>
  <testcase classname="org.openrdf.repository.sail.nativerdf.NativeSeRQLQueryTest" name="test-031: generated bnodes" time="0.023"/>
  <testcase classname="org.openrdf.repository.sail.nativerdf.NativeSeRQLQueryTest" name="test-032: generated bnodes with distinct" time="0.023"/>
</testsuite>